2020-11-23 08:32:19.735 [SpringContextShutdownHook] INFO  o.s.scheduling.concurrent.ThreadPoolTaskExecutor - Shutting down ExecutorService 'applicationTaskExecutor'
2020-11-23 08:32:19.908 [SpringContextShutdownHook] INFO  com.zaxxer.hikari.HikariDataSource - DatebookHikariCP - Shutdown initiated...
2020-11-23 08:50:27.332 [restartedMain] INFO  com.twkf.WxtApplication - Starting WxtApplication using Java 1.8.0_131 on fatherOfSun with PID 15768 (E:\ideaworkspace\wxt\target\classes started by 黄显乐 in E:\ideaworkspace\wxt)
2020-11-23 08:50:27.335 [restartedMain] INFO  com.twkf.WxtApplication - No active profile set, falling back to default profiles: default
2020-11-23 08:50:27.425 [restartedMain] INFO  o.s.b.d.env.DevToolsPropertyDefaultsPostProcessor - Devtools property defaults active! Set 'spring.devtools.add-properties' to 'false' to disable
2020-11-23 08:50:27.425 [restartedMain] INFO  o.s.b.d.env.DevToolsPropertyDefaultsPostProcessor - For additional web related logging consider setting the 'logging.level.web' property to 'DEBUG'
2020-11-23 08:50:29.989 [restartedMain] INFO  o.s.boot.web.embedded.tomcat.TomcatWebServer - Tomcat initialized with port(s): 8094 (http)
2020-11-23 08:50:30.023 [restartedMain] INFO  org.apache.coyote.http11.Http11NioProtocol - Initializing ProtocolHandler ["http-nio-8094"]
2020-11-23 08:50:30.024 [restartedMain] INFO  org.apache.catalina.core.StandardService - Starting service [Tomcat]
2020-11-23 08:50:30.024 [restartedMain] INFO  org.apache.catalina.core.StandardEngine - Starting Servlet engine: [Apache Tomcat/9.0.39]
2020-11-23 08:50:30.121 [restartedMain] INFO  o.a.c.c.ContainerBase.[Tomcat].[localhost].[/wxt] - Initializing Spring embedded WebApplicationContext
2020-11-23 08:50:30.122 [restartedMain] INFO  o.s.b.w.s.c.ServletWebServerApplicationContext - Root WebApplicationContext: initialization completed in 2695 ms
2020-11-23 08:50:31.276 [restartedMain] INFO  s.d.s.w.PropertySourcedRequestMappingHandlerMapping - Mapped URL path [/v2/api-docs] onto method [springfox.documentation.swagger2.web.Swagger2Controller#getDocumentation(String, HttpServletRequest)]
2020-11-23 08:50:31.356 [restartedMain] INFO  o.s.scheduling.concurrent.ThreadPoolTaskExecutor - Initializing ExecutorService 'applicationTaskExecutor'
2020-11-23 08:50:31.377 [restartedMain] INFO  o.s.b.d.autoconfigure.OptionalLiveReloadServer - LiveReload server is running on port 35729
2020-11-23 08:50:31.548 [restartedMain] INFO  org.apache.coyote.http11.Http11NioProtocol - Starting ProtocolHandler ["http-nio-8094"]
2020-11-23 08:50:31.567 [restartedMain] INFO  o.s.boot.web.embedded.tomcat.TomcatWebServer - Tomcat started on port(s): 8094 (http) with context path '/wxt'
2020-11-23 08:50:31.568 [restartedMain] INFO  s.d.s.web.plugins.DocumentationPluginsBootstrapper - Context refreshed
2020-11-23 08:50:31.589 [restartedMain] INFO  s.d.s.web.plugins.DocumentationPluginsBootstrapper - Found 1 custom documentation plugin(s)
2020-11-23 08:50:31.619 [restartedMain] INFO  s.d.spring.web.scanners.ApiListingReferenceScanner - Scanning for api listing references
2020-11-23 08:50:31.829 [restartedMain] INFO  com.twkf.WxtApplication - Started WxtApplication in 5.301 seconds (JVM running for 9.168)
2020-11-23 08:50:37.050 [http-nio-8094-exec-1] INFO  o.a.c.c.ContainerBase.[Tomcat].[localhost].[/wxt] - Initializing Spring DispatcherServlet 'dispatcherServlet'
2020-11-23 08:50:37.050 [http-nio-8094-exec-1] INFO  org.springframework.web.servlet.DispatcherServlet - Initializing Servlet 'dispatcherServlet'
2020-11-23 08:50:37.052 [http-nio-8094-exec-1] INFO  org.springframework.web.servlet.DispatcherServlet - Completed initialization in 2 ms
2020-11-23 08:50:44.031 [http-nio-8094-exec-9] INFO  com.zaxxer.hikari.HikariDataSource - DatebookHikariCP - Starting...
2020-11-23 08:50:44.641 [http-nio-8094-exec-9] INFO  com.zaxxer.hikari.pool.PoolBase - DatebookHikariCP - Driver does not support get/set network timeout for connections. (oracle.jdbc.driver.T4CConnection.getNetworkTimeout()I)
2020-11-23 08:50:44.678 [http-nio-8094-exec-9] INFO  com.zaxxer.hikari.HikariDataSource - DatebookHikariCP - Start completed.
