2020-11-25 08:51:30.923 [restartedMain] INFO  com.twkf.WxtApplication - Starting WxtApplication using Java 1.8.0_131 on fatherOfSun with PID 11332 (E:\ideaworkspace\wxt\target\classes started by 黄显乐 in E:\ideaworkspace\wxt)
2020-11-25 08:51:30.928 [restartedMain] INFO  com.twkf.WxtApplication - No active profile set, falling back to default profiles: default
2020-11-25 08:51:31.038 [restartedMain] INFO  o.s.b.d.env.DevToolsPropertyDefaultsPostProcessor - Devtools property defaults active! Set 'spring.devtools.add-properties' to 'false' to disable
2020-11-25 08:51:31.039 [restartedMain] INFO  o.s.b.d.env.DevToolsPropertyDefaultsPostProcessor - For additional web related logging consider setting the 'logging.level.web' property to 'DEBUG'
2020-11-25 08:51:34.056 [restartedMain] INFO  o.s.boot.web.embedded.tomcat.TomcatWebServer - Tomcat initialized with port(s): 8094 (http)
2020-11-25 08:51:34.079 [restartedMain] INFO  org.apache.coyote.http11.Http11NioProtocol - Initializing ProtocolHandler ["http-nio-8094"]
2020-11-25 08:51:34.080 [restartedMain] INFO  org.apache.catalina.core.StandardService - Starting service [Tomcat]
2020-11-25 08:51:34.080 [restartedMain] INFO  org.apache.catalina.core.StandardEngine - Starting Servlet engine: [Apache Tomcat/9.0.39]
2020-11-25 08:51:34.174 [restartedMain] INFO  o.a.c.c.ContainerBase.[Tomcat].[localhost].[/wxt] - Initializing Spring embedded WebApplicationContext
2020-11-25 08:51:34.174 [restartedMain] INFO  o.s.b.w.s.c.ServletWebServerApplicationContext - Root WebApplicationContext: initialization completed in 3134 ms
2020-11-25 08:51:35.368 [restartedMain] INFO  s.d.s.w.PropertySourcedRequestMappingHandlerMapping - Mapped URL path [/v2/api-docs] onto method [springfox.documentation.swagger2.web.Swagger2Controller#getDocumentation(String, HttpServletRequest)]
2020-11-25 08:51:35.434 [restartedMain] INFO  o.s.scheduling.concurrent.ThreadPoolTaskExecutor - Initializing ExecutorService 'applicationTaskExecutor'
2020-11-25 08:51:35.456 [restartedMain] INFO  o.s.b.d.autoconfigure.OptionalLiveReloadServer - LiveReload server is running on port 35729
2020-11-25 08:51:35.622 [restartedMain] INFO  org.apache.coyote.http11.Http11NioProtocol - Starting ProtocolHandler ["http-nio-8094"]
2020-11-25 08:51:35.640 [restartedMain] INFO  o.s.boot.web.embedded.tomcat.TomcatWebServer - Tomcat started on port(s): 8094 (http) with context path '/wxt'
2020-11-25 08:51:35.641 [restartedMain] INFO  s.d.s.web.plugins.DocumentationPluginsBootstrapper - Context refreshed
2020-11-25 08:51:35.657 [restartedMain] INFO  s.d.s.web.plugins.DocumentationPluginsBootstrapper - Found 1 custom documentation plugin(s)
2020-11-25 08:51:35.686 [restartedMain] INFO  s.d.spring.web.scanners.ApiListingReferenceScanner - Scanning for api listing references
2020-11-25 08:51:35.863 [restartedMain] INFO  com.twkf.WxtApplication - Started WxtApplication in 6.203 seconds (JVM running for 11.112)
2020-11-25 08:51:52.760 [http-nio-8094-exec-1] INFO  o.a.c.c.ContainerBase.[Tomcat].[localhost].[/wxt] - Initializing Spring DispatcherServlet 'dispatcherServlet'
2020-11-25 08:51:52.761 [http-nio-8094-exec-1] INFO  org.springframework.web.servlet.DispatcherServlet - Initializing Servlet 'dispatcherServlet'
2020-11-25 08:51:52.762 [http-nio-8094-exec-1] INFO  org.springframework.web.servlet.DispatcherServlet - Completed initialization in 1 ms
2020-11-25 08:52:57.850 [http-nio-8094-exec-2] INFO  com.zaxxer.hikari.HikariDataSource - DatebookHikariCP - Starting...
2020-11-25 08:52:58.087 [http-nio-8094-exec-2] INFO  com.zaxxer.hikari.pool.PoolBase - DatebookHikariCP - Driver does not support get/set network timeout for connections. (oracle.jdbc.driver.T4CConnection.getNetworkTimeout()I)
2020-11-25 08:52:58.126 [http-nio-8094-exec-2] INFO  com.zaxxer.hikari.HikariDataSource - DatebookHikariCP - Start completed.
2020-11-25 11:15:47.308 [Thread-18] INFO  o.s.scheduling.concurrent.ThreadPoolTaskExecutor - Shutting down ExecutorService 'applicationTaskExecutor'
2020-11-25 11:15:47.437 [Thread-18] INFO  com.zaxxer.hikari.HikariDataSource - DatebookHikariCP - Shutdown initiated...
2020-11-25 11:15:47.766 [main] INFO  com.twkf.WxtApplicationTests - Starting WxtApplicationTests using Java 1.8.0_131 on fatherOfSun with PID 16412 (started by 黄显乐 in E:\ideaworkspace\wxt)
2020-11-25 11:15:47.768 [main] INFO  com.twkf.WxtApplicationTests - No active profile set, falling back to default profiles: default
2020-11-25 11:15:50.500 [main] INFO  s.d.s.w.PropertySourcedRequestMappingHandlerMapping - Mapped URL path [/v2/api-docs] onto method [springfox.documentation.swagger2.web.Swagger2Controller#getDocumentation(String, HttpServletRequest)]
2020-11-25 11:15:50.787 [main] INFO  o.s.scheduling.concurrent.ThreadPoolTaskExecutor - Initializing ExecutorService 'applicationTaskExecutor'
2020-11-25 11:15:51.176 [main] INFO  s.d.s.web.plugins.DocumentationPluginsBootstrapper - Context refreshed
2020-11-25 11:15:51.202 [main] INFO  s.d.s.web.plugins.DocumentationPluginsBootstrapper - Found 1 custom documentation plugin(s)
2020-11-25 11:15:51.233 [main] INFO  s.d.spring.web.scanners.ApiListingReferenceScanner - Scanning for api listing references
2020-11-25 11:15:51.422 [main] INFO  com.twkf.WxtApplicationTests - Started WxtApplicationTests in 4.898 seconds (JVM running for 7.513)
2020-11-25 11:15:51.784 [SpringContextShutdownHook] INFO  o.s.scheduling.concurrent.ThreadPoolTaskExecutor - Shutting down ExecutorService 'applicationTaskExecutor'
2020-11-25 11:15:57.568 [Thread-18] INFO  com.zaxxer.hikari.HikariDataSource - DatebookHikariCP - Shutdown completed.
2020-11-25 11:16:08.145 [restartedMain] INFO  com.twkf.WxtApplication - Starting WxtApplication using Java 1.8.0_131 on fatherOfSun with PID 11332 (E:\ideaworkspace\wxt\target\classes started by 黄显乐 in E:\ideaworkspace\wxt)
2020-11-25 11:16:08.145 [restartedMain] INFO  com.twkf.WxtApplication - No active profile set, falling back to default profiles: default
2020-11-25 11:16:12.988 [restartedMain] INFO  o.s.boot.web.embedded.tomcat.TomcatWebServer - Tomcat initialized with port(s): 8094 (http)
2020-11-25 11:16:12.989 [restartedMain] INFO  org.apache.coyote.http11.Http11NioProtocol - Initializing ProtocolHandler ["http-nio-8094"]
2020-11-25 11:16:12.989 [restartedMain] INFO  org.apache.catalina.core.StandardService - Starting service [Tomcat]
2020-11-25 11:16:12.989 [restartedMain] INFO  org.apache.catalina.core.StandardEngine - Starting Servlet engine: [Apache Tomcat/9.0.39]
2020-11-25 11:16:13.090 [restartedMain] INFO  o.a.c.c.ContainerBase.[Tomcat].[localhost].[/wxt] - Initializing Spring embedded WebApplicationContext
2020-11-25 11:16:13.090 [restartedMain] INFO  o.s.b.w.s.c.ServletWebServerApplicationContext - Root WebApplicationContext: initialization completed in 4921 ms
2020-11-25 11:16:13.373 [restartedMain] INFO  s.d.s.w.PropertySourcedRequestMappingHandlerMapping - Mapped URL path [/v2/api-docs] onto method [springfox.documentation.swagger2.web.Swagger2Controller#getDocumentation(String, HttpServletRequest)]
2020-11-25 11:16:13.408 [restartedMain] INFO  o.s.scheduling.concurrent.ThreadPoolTaskExecutor - Initializing ExecutorService 'applicationTaskExecutor'
2020-11-25 11:16:13.412 [restartedMain] INFO  o.s.b.d.autoconfigure.OptionalLiveReloadServer - LiveReload server is running on port 35729
2020-11-25 11:16:13.463 [restartedMain] INFO  org.apache.coyote.http11.Http11NioProtocol - Starting ProtocolHandler ["http-nio-8094"]
2020-11-25 11:16:13.466 [restartedMain] INFO  o.s.boot.web.embedded.tomcat.TomcatWebServer - Tomcat started on port(s): 8094 (http) with context path '/wxt'
2020-11-25 11:16:13.466 [restartedMain] INFO  s.d.s.web.plugins.DocumentationPluginsBootstrapper - Context refreshed
2020-11-25 11:16:13.467 [restartedMain] INFO  s.d.s.web.plugins.DocumentationPluginsBootstrapper - Found 1 custom documentation plugin(s)
2020-11-25 11:16:13.471 [restartedMain] INFO  s.d.spring.web.scanners.ApiListingReferenceScanner - Scanning for api listing references
2020-11-25 11:16:13.524 [restartedMain] INFO  com.twkf.WxtApplication - Started WxtApplication in 5.789 seconds (JVM running for 8688.774)
2020-11-25 11:16:13.526 [restartedMain] INFO  o.s.b.d.a.ConditionEvaluationDeltaLoggingListener - Condition evaluation unchanged
2020-11-25 14:09:53.067 [http-nio-8094-exec-1] INFO  o.a.c.c.ContainerBase.[Tomcat].[localhost].[/wxt] - Initializing Spring DispatcherServlet 'dispatcherServlet'
2020-11-25 14:09:53.274 [http-nio-8094-exec-1] INFO  org.springframework.web.servlet.DispatcherServlet - Initializing Servlet 'dispatcherServlet'
2020-11-25 14:09:53.381 [http-nio-8094-exec-1] INFO  org.springframework.web.servlet.DispatcherServlet - Completed initialization in 106 ms
2020-11-25 14:09:55.485 [http-nio-8094-exec-1] INFO  com.zaxxer.hikari.HikariDataSource - DatebookHikariCP - Starting...
2020-11-25 14:09:55.818 [http-nio-8094-exec-1] INFO  com.zaxxer.hikari.pool.PoolBase - DatebookHikariCP - Driver does not support get/set network timeout for connections. (oracle.jdbc.driver.T4CConnection.getNetworkTimeout()I)
2020-11-25 14:09:55.964 [http-nio-8094-exec-1] INFO  com.zaxxer.hikari.HikariDataSource - DatebookHikariCP - Start completed.
2020-11-25 16:16:24.582 [Thread-26] INFO  o.s.scheduling.concurrent.ThreadPoolTaskExecutor - Shutting down ExecutorService 'applicationTaskExecutor'
2020-11-25 16:16:24.664 [Thread-26] INFO  com.zaxxer.hikari.HikariDataSource - DatebookHikariCP - Shutdown initiated...
2020-11-25 16:16:34.777 [Thread-26] INFO  com.zaxxer.hikari.HikariDataSource - DatebookHikariCP - Shutdown completed.
2020-11-25 16:16:48.901 [restartedMain] INFO  com.twkf.WxtApplication - Starting WxtApplication using Java 1.8.0_131 on fatherOfSun with PID 11332 (E:\ideaworkspace\wxt\target\classes started by 黄显乐 in E:\ideaworkspace\wxt)
2020-11-25 16:16:48.907 [restartedMain] INFO  com.twkf.WxtApplication - No active profile set, falling back to default profiles: default
2020-11-25 16:16:53.178 [restartedMain] INFO  o.s.boot.web.embedded.tomcat.TomcatWebServer - Tomcat initialized with port(s): 8094 (http)
2020-11-25 16:16:53.179 [restartedMain] INFO  org.apache.coyote.http11.Http11NioProtocol - Initializing ProtocolHandler ["http-nio-8094"]
2020-11-25 16:16:53.179 [restartedMain] INFO  org.apache.catalina.core.StandardService - Starting service [Tomcat]
2020-11-25 16:16:53.179 [restartedMain] INFO  org.apache.catalina.core.StandardEngine - Starting Servlet engine: [Apache Tomcat/9.0.39]
2020-11-25 16:16:53.231 [restartedMain] INFO  o.a.c.c.ContainerBase.[Tomcat].[localhost].[/wxt] - Initializing Spring embedded WebApplicationContext
2020-11-25 16:16:53.231 [restartedMain] INFO  o.s.b.w.s.c.ServletWebServerApplicationContext - Root WebApplicationContext: initialization completed in 4312 ms
2020-11-25 16:16:53.861 [restartedMain] INFO  s.d.s.w.PropertySourcedRequestMappingHandlerMapping - Mapped URL path [/v2/api-docs] onto method [springfox.documentation.swagger2.web.Swagger2Controller#getDocumentation(String, HttpServletRequest)]
2020-11-25 16:16:54.049 [restartedMain] INFO  o.s.scheduling.concurrent.ThreadPoolTaskExecutor - Initializing ExecutorService 'applicationTaskExecutor'
2020-11-25 16:16:54.054 [restartedMain] INFO  o.s.b.d.autoconfigure.OptionalLiveReloadServer - LiveReload server is running on port 35729
2020-11-25 16:16:54.182 [restartedMain] INFO  org.apache.coyote.http11.Http11NioProtocol - Starting ProtocolHandler ["http-nio-8094"]
2020-11-25 16:16:54.194 [restartedMain] INFO  o.s.boot.web.embedded.tomcat.TomcatWebServer - Tomcat started on port(s): 8094 (http) with context path '/wxt'
2020-11-25 16:16:54.196 [restartedMain] INFO  s.d.s.web.plugins.DocumentationPluginsBootstrapper - Context refreshed
2020-11-25 16:16:54.198 [restartedMain] INFO  s.d.s.web.plugins.DocumentationPluginsBootstrapper - Found 1 custom documentation plugin(s)
2020-11-25 16:16:54.206 [restartedMain] INFO  s.d.spring.web.scanners.ApiListingReferenceScanner - Scanning for api listing references
2020-11-25 16:16:54.272 [restartedMain] INFO  com.twkf.WxtApplication - Started WxtApplication in 5.782 seconds (JVM running for 26729.521)
2020-11-25 16:16:54.273 [restartedMain] INFO  o.s.b.d.a.ConditionEvaluationDeltaLoggingListener - Condition evaluation unchanged
2020-11-25 16:16:56.193 [Thread-31] INFO  o.s.scheduling.concurrent.ThreadPoolTaskExecutor - Shutting down ExecutorService 'applicationTaskExecutor'
2020-11-25 16:16:56.756 [restartedMain] INFO  com.twkf.WxtApplication - Starting WxtApplication using Java 1.8.0_131 on fatherOfSun with PID 11332 (E:\ideaworkspace\wxt\target\classes started by 黄显乐 in E:\ideaworkspace\wxt)
2020-11-25 16:16:56.756 [restartedMain] INFO  com.twkf.WxtApplication - No active profile set, falling back to default profiles: default
2020-11-25 16:16:57.333 [restartedMain] INFO  o.s.boot.web.embedded.tomcat.TomcatWebServer - Tomcat initialized with port(s): 8094 (http)
2020-11-25 16:16:57.351 [restartedMain] INFO  org.apache.coyote.http11.Http11NioProtocol - Initializing ProtocolHandler ["http-nio-8094"]
2020-11-25 16:16:57.351 [restartedMain] INFO  org.apache.catalina.core.StandardService - Starting service [Tomcat]
2020-11-25 16:16:57.351 [restartedMain] INFO  org.apache.catalina.core.StandardEngine - Starting Servlet engine: [Apache Tomcat/9.0.39]
2020-11-25 16:16:57.400 [restartedMain] INFO  o.a.c.c.ContainerBase.[Tomcat].[localhost].[/wxt] - Initializing Spring embedded WebApplicationContext
2020-11-25 16:16:57.400 [restartedMain] INFO  o.s.b.w.s.c.ServletWebServerApplicationContext - Root WebApplicationContext: initialization completed in 641 ms
2020-11-25 16:16:57.554 [restartedMain] INFO  s.d.s.w.PropertySourcedRequestMappingHandlerMapping - Mapped URL path [/v2/api-docs] onto method [springfox.documentation.swagger2.web.Swagger2Controller#getDocumentation(String, HttpServletRequest)]
2020-11-25 16:16:57.579 [restartedMain] INFO  o.s.scheduling.concurrent.ThreadPoolTaskExecutor - Initializing ExecutorService 'applicationTaskExecutor'
2020-11-25 16:16:57.581 [restartedMain] INFO  o.s.b.d.autoconfigure.OptionalLiveReloadServer - LiveReload server is running on port 35729
2020-11-25 16:16:57.642 [restartedMain] INFO  org.apache.coyote.http11.Http11NioProtocol - Starting ProtocolHandler ["http-nio-8094"]
2020-11-25 16:16:57.650 [restartedMain] INFO  o.s.boot.web.embedded.tomcat.TomcatWebServer - Tomcat started on port(s): 8094 (http) with context path '/wxt'
2020-11-25 16:16:57.651 [restartedMain] INFO  s.d.s.web.plugins.DocumentationPluginsBootstrapper - Context refreshed
2020-11-25 16:16:57.651 [restartedMain] INFO  s.d.s.web.plugins.DocumentationPluginsBootstrapper - Found 1 custom documentation plugin(s)
2020-11-25 16:16:57.657 [restartedMain] INFO  s.d.spring.web.scanners.ApiListingReferenceScanner - Scanning for api listing references
2020-11-25 16:16:57.716 [restartedMain] INFO  com.twkf.WxtApplication - Started WxtApplication in 1.013 seconds (JVM running for 26732.965)
2020-11-25 16:16:57.717 [restartedMain] INFO  o.s.b.d.a.ConditionEvaluationDeltaLoggingListener - Condition evaluation unchanged
2020-11-25 16:21:56.036 [http-nio-8094-exec-2] INFO  o.a.c.c.ContainerBase.[Tomcat].[localhost].[/wxt] - Initializing Spring DispatcherServlet 'dispatcherServlet'
2020-11-25 16:21:56.037 [http-nio-8094-exec-2] INFO  org.springframework.web.servlet.DispatcherServlet - Initializing Servlet 'dispatcherServlet'
2020-11-25 16:21:56.038 [http-nio-8094-exec-2] INFO  org.springframework.web.servlet.DispatcherServlet - Completed initialization in 1 ms
2020-11-25 16:21:56.141 [http-nio-8094-exec-2] INFO  com.zaxxer.hikari.HikariDataSource - DatebookHikariCP - Starting...
2020-11-25 16:21:56.259 [http-nio-8094-exec-2] INFO  com.zaxxer.hikari.pool.PoolBase - DatebookHikariCP - Driver does not support get/set network timeout for connections. (oracle.jdbc.driver.T4CConnection.getNetworkTimeout()I)
2020-11-25 16:21:56.273 [http-nio-8094-exec-2] INFO  com.zaxxer.hikari.HikariDataSource - DatebookHikariCP - Start completed.
