2020-12-01 08:42:45.092 [restartedMain] INFO  com.twkf.WxtApplication - Starting WxtApplication using Java 1.8.0_131 on fatherOfSun with PID 8520 (E:\ideaworkspace\wxt\target\classes started by 黄显乐 in E:\ideaworkspace\wxt)
2020-12-01 08:42:45.098 [restartedMain] INFO  com.twkf.WxtApplication - No active profile set, falling back to default profiles: default
2020-12-01 08:42:45.205 [restartedMain] INFO  o.s.b.d.env.DevToolsPropertyDefaultsPostProcessor - Devtools property defaults active! Set 'spring.devtools.add-properties' to 'false' to disable
2020-12-01 08:42:45.206 [restartedMain] INFO  o.s.b.d.env.DevToolsPropertyDefaultsPostProcessor - For additional web related logging consider setting the 'logging.level.web' property to 'DEBUG'
2020-12-01 08:42:47.695 [restartedMain] INFO  o.s.boot.web.embedded.tomcat.TomcatWebServer - Tomcat initialized with port(s): 8094 (http)
2020-12-01 08:42:47.718 [restartedMain] INFO  org.apache.coyote.http11.Http11NioProtocol - Initializing ProtocolHandler ["http-nio-8094"]
2020-12-01 08:42:47.719 [restartedMain] INFO  org.apache.catalina.core.StandardService - Starting service [Tomcat]
2020-12-01 08:42:47.719 [restartedMain] INFO  org.apache.catalina.core.StandardEngine - Starting Servlet engine: [Apache Tomcat/9.0.39]
2020-12-01 08:42:47.818 [restartedMain] INFO  o.a.c.c.ContainerBase.[Tomcat].[localhost].[/wxt] - Initializing Spring embedded WebApplicationContext
2020-12-01 08:42:47.818 [restartedMain] INFO  o.s.b.w.s.c.ServletWebServerApplicationContext - Root WebApplicationContext: initialization completed in 2588 ms
2020-12-01 08:42:48.804 [restartedMain] INFO  s.d.s.w.PropertySourcedRequestMappingHandlerMapping - Mapped URL path [/v2/api-docs] onto method [springfox.documentation.swagger2.web.Swagger2Controller#getDocumentation(String, HttpServletRequest)]
2020-12-01 08:42:48.869 [restartedMain] INFO  o.s.scheduling.concurrent.ThreadPoolTaskExecutor - Initializing ExecutorService 'applicationTaskExecutor'
2020-12-01 08:42:48.892 [restartedMain] INFO  o.s.b.d.autoconfigure.OptionalLiveReloadServer - LiveReload server is running on port 35729
2020-12-01 08:42:49.088 [restartedMain] INFO  org.apache.coyote.http11.Http11NioProtocol - Starting ProtocolHandler ["http-nio-8094"]
2020-12-01 08:42:49.109 [restartedMain] INFO  o.s.boot.web.embedded.tomcat.TomcatWebServer - Tomcat started on port(s): 8094 (http) with context path '/wxt'
2020-12-01 08:42:49.110 [restartedMain] INFO  s.d.s.web.plugins.DocumentationPluginsBootstrapper - Context refreshed
2020-12-01 08:42:49.129 [restartedMain] INFO  s.d.s.web.plugins.DocumentationPluginsBootstrapper - Found 1 custom documentation plugin(s)
2020-12-01 08:42:49.162 [restartedMain] INFO  s.d.spring.web.scanners.ApiListingReferenceScanner - Scanning for api listing references
2020-12-01 08:42:49.436 [http-nio-8094-exec-1] INFO  o.a.c.c.ContainerBase.[Tomcat].[localhost].[/wxt] - Initializing Spring DispatcherServlet 'dispatcherServlet'
2020-12-01 08:42:49.437 [http-nio-8094-exec-1] INFO  org.springframework.web.servlet.DispatcherServlet - Initializing Servlet 'dispatcherServlet'
2020-12-01 08:42:49.439 [http-nio-8094-exec-1] INFO  org.springframework.web.servlet.DispatcherServlet - Completed initialization in 2 ms
2020-12-01 08:42:49.511 [restartedMain] INFO  com.twkf.WxtApplication - Started WxtApplication in 5.387 seconds (JVM running for 10.568)
2020-12-01 08:43:00.248 [http-nio-8094-exec-9] INFO  com.zaxxer.hikari.HikariDataSource - DatebookHikariCP - Starting...
2020-12-01 08:43:00.528 [http-nio-8094-exec-9] INFO  com.zaxxer.hikari.pool.PoolBase - DatebookHikariCP - Driver does not support get/set network timeout for connections. (oracle.jdbc.driver.T4CConnection.getNetworkTimeout()I)
2020-12-01 08:43:00.569 [http-nio-8094-exec-9] INFO  com.zaxxer.hikari.HikariDataSource - DatebookHikariCP - Start completed.
2020-12-01 16:03:29.908 [http-nio-8094-exec-8] INFO  com.twkf.error.GlobalExceptionHandler - 异常信息：org.apache.catalina.connector.ClientAbortException: java.io.IOException: 远程主机强迫关闭了一个现有的连接。
2020-12-01 16:26:21.942 [http-nio-8094-exec-9] INFO  com.twkf.error.GlobalExceptionHandler - 异常信息：org.springframework.transaction.CannotCreateTransactionException: Could not open JDBC Connection for transaction; nested exception is java.sql.SQLTransientConnectionException: DatebookHikariCP - Connection is not available, request timed out after 37816ms.
