2020-11-23 08:50:44.685 [http-nio-8094-exec-9] DEBUG com.twkf.dao.CommonDao.findRepairContent - ==>  Preparing: select distinct * from TB_REPAIR_CONTENT
2020-11-23 08:50:44.742 [http-nio-8094-exec-9] DEBUG com.twkf.dao.CommonDao.findRepairContent - ==> Parameters: 
2020-11-23 08:50:44.796 [http-nio-8094-exec-9] DEBUG com.twkf.dao.CommonDao.findRepairContent - <==      Total: 8
2020-11-23 08:53:31.590 [http-nio-8094-exec-10] DEBUG com.twkf.dao.CommonDao.login - ==>  Preparing: select * from tb_user_wx where user_name=? and user_pwd=?
2020-11-23 08:53:31.623 [http-nio-8094-exec-10] DEBUG com.twkf.dao.CommonDao.login - ==> Parameters: admin(String), admin(String)
2020-11-23 08:53:31.675 [http-nio-8094-exec-10] DEBUG com.twkf.dao.CommonDao.login - <==      Total: 1
2020-11-23 08:53:32.356 [http-nio-8094-exec-2] DEBUG c.twkf.dao.VehicleRepairDao.findToBeRepaired_COUNT - ==>  Preparing: SELECT count(0) FROM TB_REPAIR_RECORD r LEFT JOIN tb_user_wx u ON r.user_id = u.user_id LEFT JOIN TB_REPAIR_TYPE rt ON r.rt_id = rt.rt_id LEFT JOIN TB_REPAIR_MALFUNCTION rm ON r.rm_id = rm.rm_id LEFT JOIN TB_REPAIR_ADDR ra ON r.ra_id = ra.ra_id LEFT JOIN tb_user_wx uw ON r.RR_ASSESSOR = uw.USER_ID LEFT JOIN VW_VEHICLE_WX v ON r.vehi_no = v.vehi_no WHERE to_char(r.RR_TIME, 'yyyy-MM-dd') >= ? AND to_char(r.RR_TIME, 'yyyy-MM-dd') <= ? AND r.RR_TIME_END IS NULL AND r.TRANSFER_ORDER_STATUS != 0
2020-11-23 08:53:32.357 [http-nio-8094-exec-2] DEBUG c.twkf.dao.VehicleRepairDao.findToBeRepaired_COUNT - ==> Parameters: 2020-11-23(String), 2020-11-26(String)
2020-11-23 08:53:32.525 [http-nio-8094-exec-2] DEBUG c.twkf.dao.VehicleRepairDao.findToBeRepaired_COUNT - <==      Total: 1
2020-11-23 08:53:32.526 [http-nio-8094-exec-2] DEBUG com.twkf.dao.VehicleRepairDao.findToBeRepaired - ==>  Preparing: SELECT * FROM ( SELECT TMP_PAGE.*, ROWNUM PAGEHELPER_ROW_ID FROM ( select r.*,u.real_name,u.user_name user_name_wx,rt.rt_type,rm.rm_malfunction rm_malfunction2,ra.ra_addr,uw.real_name shry_name,v.sim_num,v.mt_name,v.owner_name,v.comp_name,v.mdt_sub_type from TB_REPAIR_RECORD r left join tb_user_wx u on r.user_id=u.user_id left join TB_REPAIR_TYPE rt on r.rt_id=rt.rt_id left join TB_REPAIR_MALFUNCTION rm on r.rm_id=rm.rm_id left join TB_REPAIR_ADDR ra on r.ra_id = ra.ra_id left join tb_user_wx uw on r.RR_ASSESSOR=uw.USER_ID left join VW_VEHICLE_WX v on r.vehi_no = v.vehi_no where to_char(r.RR_TIME,'yyyy-MM-dd') >= ? and to_char(r.RR_TIME,'yyyy-MM-dd') <= ? and r.RR_TIME_END is null and r.TRANSFER_ORDER_STATUS != 0 order by r.RR_TIME desc ) TMP_PAGE) WHERE PAGEHELPER_ROW_ID <= ? AND PAGEHELPER_ROW_ID > ?
2020-11-23 08:53:32.527 [http-nio-8094-exec-2] DEBUG com.twkf.dao.VehicleRepairDao.findToBeRepaired - ==> Parameters: 2020-11-23(String), 2020-11-26(String), 2(Long), 0(Long)
2020-11-23 08:53:32.605 [http-nio-8094-exec-2] DEBUG com.twkf.dao.VehicleRepairDao.findToBeRepaired - <==      Total: 1
2020-11-23 08:53:42.150 [http-nio-8094-exec-1] DEBUG com.twkf.dao.VehicleRepairDao.findRepaired_COUNT - ==>  Preparing: SELECT count(0) FROM TB_REPAIR_RECORD r LEFT JOIN tb_user_wx u ON r.user_id = u.user_id LEFT JOIN TB_REPAIR_TYPE rt ON r.rt_id = rt.rt_id LEFT JOIN TB_REPAIR_MALFUNCTION rm ON r.rm_id = rm.rm_id LEFT JOIN TB_REPAIR_ADDR ra ON r.ra_id = ra.ra_id LEFT JOIN tb_user_wx uw ON r.RR_ASSESSOR = uw.USER_ID LEFT JOIN VW_VEHICLE_WX v ON r.vehi_no = v.vehi_no WHERE to_char(r.RR_TIME, 'yyyy-MM-dd') >= ? AND to_char(r.RR_TIME, 'yyyy-MM-dd') <= ? AND r.RR_TIME_END IS NOT NULL
2020-11-23 08:53:42.150 [http-nio-8094-exec-1] DEBUG com.twkf.dao.VehicleRepairDao.findRepaired_COUNT - ==> Parameters: 2020-11-23(String), 2020-11-26(String)
2020-11-23 08:53:42.206 [http-nio-8094-exec-1] DEBUG com.twkf.dao.VehicleRepairDao.findRepaired_COUNT - <==      Total: 1
2020-11-23 08:53:44.139 [http-nio-8094-exec-3] DEBUG c.t.dao.VehicleRepairDao.findToBeConfirmed_COUNT - ==>  Preparing: SELECT count(0) FROM TB_REPAIR_RECORD r LEFT JOIN tb_user_wx u ON r.user_id = u.user_id LEFT JOIN TB_REPAIR_TYPE rt ON r.rt_id = rt.rt_id LEFT JOIN TB_REPAIR_MALFUNCTION rm ON r.rm_id = rm.rm_id LEFT JOIN TB_REPAIR_ADDR ra ON r.ra_id = ra.ra_id LEFT JOIN tb_user_wx uw ON r.RR_ASSESSOR = uw.USER_ID LEFT JOIN VW_VEHICLE_WX v ON r.vehi_no = v.vehi_no WHERE to_char(r.RR_TIME, 'yyyy-MM-dd') >= ? AND to_char(r.RR_TIME, 'yyyy-MM-dd') <= ? AND r.TRANSFER_ORDER_STATUS = 0
2020-11-23 08:53:44.149 [http-nio-8094-exec-3] DEBUG c.t.dao.VehicleRepairDao.findToBeConfirmed_COUNT - ==> Parameters: 2020-11-23(String), 2020-11-26(String)
2020-11-23 08:53:44.193 [http-nio-8094-exec-3] DEBUG c.t.dao.VehicleRepairDao.findToBeConfirmed_COUNT - <==      Total: 1
2020-11-23 08:53:45.842 [http-nio-8094-exec-4] DEBUG c.twkf.dao.VehicleRepairDao.findToBeRepaired_COUNT - ==>  Preparing: SELECT count(0) FROM TB_REPAIR_RECORD r LEFT JOIN tb_user_wx u ON r.user_id = u.user_id LEFT JOIN TB_REPAIR_TYPE rt ON r.rt_id = rt.rt_id LEFT JOIN TB_REPAIR_MALFUNCTION rm ON r.rm_id = rm.rm_id LEFT JOIN TB_REPAIR_ADDR ra ON r.ra_id = ra.ra_id LEFT JOIN tb_user_wx uw ON r.RR_ASSESSOR = uw.USER_ID LEFT JOIN VW_VEHICLE_WX v ON r.vehi_no = v.vehi_no WHERE to_char(r.RR_TIME, 'yyyy-MM-dd') >= ? AND to_char(r.RR_TIME, 'yyyy-MM-dd') <= ? AND r.RR_TIME_END IS NULL AND r.TRANSFER_ORDER_STATUS != 0
2020-11-23 08:53:45.842 [http-nio-8094-exec-4] DEBUG c.twkf.dao.VehicleRepairDao.findToBeRepaired_COUNT - ==> Parameters: 2020-11-23(String), 2020-11-26(String)
2020-11-23 08:53:45.848 [http-nio-8094-exec-4] DEBUG c.twkf.dao.VehicleRepairDao.findToBeRepaired_COUNT - <==      Total: 1
2020-11-23 08:53:45.848 [http-nio-8094-exec-4] DEBUG com.twkf.dao.VehicleRepairDao.findToBeRepaired - ==>  Preparing: SELECT * FROM ( SELECT TMP_PAGE.*, ROWNUM PAGEHELPER_ROW_ID FROM ( select r.*,u.real_name,u.user_name user_name_wx,rt.rt_type,rm.rm_malfunction rm_malfunction2,ra.ra_addr,uw.real_name shry_name,v.sim_num,v.mt_name,v.owner_name,v.comp_name,v.mdt_sub_type from TB_REPAIR_RECORD r left join tb_user_wx u on r.user_id=u.user_id left join TB_REPAIR_TYPE rt on r.rt_id=rt.rt_id left join TB_REPAIR_MALFUNCTION rm on r.rm_id=rm.rm_id left join TB_REPAIR_ADDR ra on r.ra_id = ra.ra_id left join tb_user_wx uw on r.RR_ASSESSOR=uw.USER_ID left join VW_VEHICLE_WX v on r.vehi_no = v.vehi_no where to_char(r.RR_TIME,'yyyy-MM-dd') >= ? and to_char(r.RR_TIME,'yyyy-MM-dd') <= ? and r.RR_TIME_END is null and r.TRANSFER_ORDER_STATUS != 0 order by r.RR_TIME desc ) TMP_PAGE) WHERE PAGEHELPER_ROW_ID <= ? AND PAGEHELPER_ROW_ID > ?
2020-11-23 08:53:45.848 [http-nio-8094-exec-4] DEBUG com.twkf.dao.VehicleRepairDao.findToBeRepaired - ==> Parameters: 2020-11-23(String), 2020-11-26(String), 2(Long), 0(Long)
2020-11-23 08:53:45.857 [http-nio-8094-exec-4] DEBUG com.twkf.dao.VehicleRepairDao.findToBeRepaired - <==      Total: 1
2020-11-23 08:55:10.676 [http-nio-8094-exec-6] DEBUG com.twkf.dao.CommonDao.login - ==>  Preparing: select * from tb_user_wx where user_name=? and user_pwd=?
2020-11-23 08:55:10.676 [http-nio-8094-exec-6] DEBUG com.twkf.dao.CommonDao.login - ==> Parameters: admin(String), admin(String)
2020-11-23 08:55:10.682 [http-nio-8094-exec-6] DEBUG com.twkf.dao.CommonDao.login - <==      Total: 1
2020-11-23 08:55:10.747 [http-nio-8094-exec-9] DEBUG c.twkf.dao.VehicleRepairDao.findToBeRepaired_COUNT - ==>  Preparing: SELECT count(0) FROM TB_REPAIR_RECORD r LEFT JOIN tb_user_wx u ON r.user_id = u.user_id LEFT JOIN TB_REPAIR_TYPE rt ON r.rt_id = rt.rt_id LEFT JOIN TB_REPAIR_MALFUNCTION rm ON r.rm_id = rm.rm_id LEFT JOIN TB_REPAIR_ADDR ra ON r.ra_id = ra.ra_id LEFT JOIN tb_user_wx uw ON r.RR_ASSESSOR = uw.USER_ID LEFT JOIN VW_VEHICLE_WX v ON r.vehi_no = v.vehi_no WHERE to_char(r.RR_TIME, 'yyyy-MM-dd') >= ? AND to_char(r.RR_TIME, 'yyyy-MM-dd') <= ? AND r.RR_TIME_END IS NULL AND r.TRANSFER_ORDER_STATUS != 0
2020-11-23 08:55:10.747 [http-nio-8094-exec-9] DEBUG c.twkf.dao.VehicleRepairDao.findToBeRepaired_COUNT - ==> Parameters: 2020-11-23(String), 2020-11-26(String)
2020-11-23 08:55:10.756 [http-nio-8094-exec-9] DEBUG c.twkf.dao.VehicleRepairDao.findToBeRepaired_COUNT - <==      Total: 1
2020-11-23 08:55:10.757 [http-nio-8094-exec-9] DEBUG com.twkf.dao.VehicleRepairDao.findToBeRepaired - ==>  Preparing: SELECT * FROM ( SELECT TMP_PAGE.*, ROWNUM PAGEHELPER_ROW_ID FROM ( select r.*,u.real_name,u.user_name user_name_wx,rt.rt_type,rm.rm_malfunction rm_malfunction2,ra.ra_addr,uw.real_name shry_name,v.sim_num,v.mt_name,v.owner_name,v.comp_name,v.mdt_sub_type from TB_REPAIR_RECORD r left join tb_user_wx u on r.user_id=u.user_id left join TB_REPAIR_TYPE rt on r.rt_id=rt.rt_id left join TB_REPAIR_MALFUNCTION rm on r.rm_id=rm.rm_id left join TB_REPAIR_ADDR ra on r.ra_id = ra.ra_id left join tb_user_wx uw on r.RR_ASSESSOR=uw.USER_ID left join VW_VEHICLE_WX v on r.vehi_no = v.vehi_no where to_char(r.RR_TIME,'yyyy-MM-dd') >= ? and to_char(r.RR_TIME,'yyyy-MM-dd') <= ? and r.RR_TIME_END is null and r.TRANSFER_ORDER_STATUS != 0 order by r.RR_TIME desc ) TMP_PAGE) WHERE PAGEHELPER_ROW_ID <= ? AND PAGEHELPER_ROW_ID > ?
2020-11-23 08:55:10.778 [http-nio-8094-exec-9] DEBUG com.twkf.dao.VehicleRepairDao.findToBeRepaired - ==> Parameters: 2020-11-23(String), 2020-11-26(String), 2(Long), 0(Long)
2020-11-23 08:55:10.787 [http-nio-8094-exec-9] DEBUG com.twkf.dao.VehicleRepairDao.findToBeRepaired - <==      Total: 1
2020-11-23 08:55:33.688 [http-nio-8094-exec-8] DEBUG com.twkf.dao.CommonDao.login - ==>  Preparing: select * from tb_user_wx where user_name=? and user_pwd=?
2020-11-23 08:55:33.688 [http-nio-8094-exec-8] DEBUG com.twkf.dao.CommonDao.login - ==> Parameters: admin(String), admin(String)
2020-11-23 08:55:33.694 [http-nio-8094-exec-8] DEBUG com.twkf.dao.CommonDao.login - <==      Total: 1
2020-11-23 08:55:33.752 [http-nio-8094-exec-10] DEBUG c.twkf.dao.VehicleRepairDao.findToBeRepaired_COUNT - ==>  Preparing: SELECT count(0) FROM TB_REPAIR_RECORD r LEFT JOIN tb_user_wx u ON r.user_id = u.user_id LEFT JOIN TB_REPAIR_TYPE rt ON r.rt_id = rt.rt_id LEFT JOIN TB_REPAIR_MALFUNCTION rm ON r.rm_id = rm.rm_id LEFT JOIN TB_REPAIR_ADDR ra ON r.ra_id = ra.ra_id LEFT JOIN tb_user_wx uw ON r.RR_ASSESSOR = uw.USER_ID LEFT JOIN VW_VEHICLE_WX v ON r.vehi_no = v.vehi_no WHERE to_char(r.RR_TIME, 'yyyy-MM-dd') >= ? AND to_char(r.RR_TIME, 'yyyy-MM-dd') <= ? AND r.RR_TIME_END IS NULL AND r.TRANSFER_ORDER_STATUS != 0
2020-11-23 08:55:33.752 [http-nio-8094-exec-10] DEBUG c.twkf.dao.VehicleRepairDao.findToBeRepaired_COUNT - ==> Parameters: 2020-11-23(String), 2020-11-26(String)
2020-11-23 08:55:34.064 [http-nio-8094-exec-10] DEBUG c.twkf.dao.VehicleRepairDao.findToBeRepaired_COUNT - <==      Total: 1
2020-11-23 08:55:34.065 [http-nio-8094-exec-10] DEBUG com.twkf.dao.VehicleRepairDao.findToBeRepaired - ==>  Preparing: SELECT * FROM ( SELECT TMP_PAGE.*, ROWNUM PAGEHELPER_ROW_ID FROM ( select r.*,u.real_name,u.user_name user_name_wx,rt.rt_type,rm.rm_malfunction rm_malfunction2,ra.ra_addr,uw.real_name shry_name,v.sim_num,v.mt_name,v.owner_name,v.comp_name,v.mdt_sub_type from TB_REPAIR_RECORD r left join tb_user_wx u on r.user_id=u.user_id left join TB_REPAIR_TYPE rt on r.rt_id=rt.rt_id left join TB_REPAIR_MALFUNCTION rm on r.rm_id=rm.rm_id left join TB_REPAIR_ADDR ra on r.ra_id = ra.ra_id left join tb_user_wx uw on r.RR_ASSESSOR=uw.USER_ID left join VW_VEHICLE_WX v on r.vehi_no = v.vehi_no where to_char(r.RR_TIME,'yyyy-MM-dd') >= ? and to_char(r.RR_TIME,'yyyy-MM-dd') <= ? and r.RR_TIME_END is null and r.TRANSFER_ORDER_STATUS != 0 order by r.RR_TIME desc ) TMP_PAGE) WHERE PAGEHELPER_ROW_ID <= ? AND PAGEHELPER_ROW_ID > ?
2020-11-23 08:55:34.065 [http-nio-8094-exec-10] DEBUG com.twkf.dao.VehicleRepairDao.findToBeRepaired - ==> Parameters: 2020-11-23(String), 2020-11-26(String), 2(Long), 0(Long)
2020-11-23 08:55:34.076 [http-nio-8094-exec-10] DEBUG com.twkf.dao.VehicleRepairDao.findToBeRepaired - <==      Total: 1
2020-11-23 08:57:58.267 [http-nio-8094-exec-4] DEBUG c.twkf.dao.VehicleRepairDao.findToBeRepaired_COUNT - ==>  Preparing: SELECT count(0) FROM TB_REPAIR_RECORD r LEFT JOIN tb_user_wx u ON r.user_id = u.user_id LEFT JOIN TB_REPAIR_TYPE rt ON r.rt_id = rt.rt_id LEFT JOIN TB_REPAIR_MALFUNCTION rm ON r.rm_id = rm.rm_id LEFT JOIN TB_REPAIR_ADDR ra ON r.ra_id = ra.ra_id LEFT JOIN tb_user_wx uw ON r.RR_ASSESSOR = uw.USER_ID LEFT JOIN VW_VEHICLE_WX v ON r.vehi_no = v.vehi_no WHERE to_char(r.RR_TIME, 'yyyy-MM-dd') >= ? AND to_char(r.RR_TIME, 'yyyy-MM-dd') <= ? AND r.RR_TIME_END IS NULL AND r.TRANSFER_ORDER_STATUS != 0
2020-11-23 08:57:58.267 [http-nio-8094-exec-4] DEBUG c.twkf.dao.VehicleRepairDao.findToBeRepaired_COUNT - ==> Parameters: 2020-11-01(String), 2020-11-23(String)
2020-11-23 08:57:58.273 [http-nio-8094-exec-4] DEBUG c.twkf.dao.VehicleRepairDao.findToBeRepaired_COUNT - <==      Total: 1
2020-11-23 08:58:25.646 [http-nio-8094-exec-3] DEBUG com.twkf.dao.VehicleRepairDao.findRepaired_COUNT - ==>  Preparing: SELECT count(0) FROM TB_REPAIR_RECORD r LEFT JOIN tb_user_wx u ON r.user_id = u.user_id LEFT JOIN TB_REPAIR_TYPE rt ON r.rt_id = rt.rt_id LEFT JOIN TB_REPAIR_MALFUNCTION rm ON r.rm_id = rm.rm_id LEFT JOIN TB_REPAIR_ADDR ra ON r.ra_id = ra.ra_id LEFT JOIN tb_user_wx uw ON r.RR_ASSESSOR = uw.USER_ID LEFT JOIN VW_VEHICLE_WX v ON r.vehi_no = v.vehi_no WHERE to_char(r.RR_TIME, 'yyyy-MM-dd') >= ? AND to_char(r.RR_TIME, 'yyyy-MM-dd') <= ? AND r.RR_TIME_END IS NOT NULL
2020-11-23 08:58:25.647 [http-nio-8094-exec-3] DEBUG com.twkf.dao.VehicleRepairDao.findRepaired_COUNT - ==> Parameters: 2020-10-01(String), 2020-11-23(String)
2020-11-23 08:58:25.752 [http-nio-8094-exec-3] DEBUG com.twkf.dao.VehicleRepairDao.findRepaired_COUNT - <==      Total: 1
2020-11-23 08:58:25.753 [http-nio-8094-exec-3] DEBUG com.twkf.dao.VehicleRepairDao.findRepaired - ==>  Preparing: SELECT * FROM ( SELECT TMP_PAGE.*, ROWNUM PAGEHELPER_ROW_ID FROM ( select r.*,u.real_name,u.user_name user_name_wx,rt.rt_type,rm.rm_malfunction rm_malfunction2,ra.ra_addr,uw.real_name shry_name,v.sim_num,v.mt_name,v.owner_name,v.comp_name,v.mdt_sub_type from TB_REPAIR_RECORD r left join tb_user_wx u on r.user_id=u.user_id left join TB_REPAIR_TYPE rt on r.rt_id=rt.rt_id left join TB_REPAIR_MALFUNCTION rm on r.rm_id=rm.rm_id left join TB_REPAIR_ADDR ra on r.ra_id = ra.ra_id left join tb_user_wx uw on r.RR_ASSESSOR=uw.USER_ID left join VW_VEHICLE_WX v on r.vehi_no = v.vehi_no where to_char(r.RR_TIME,'yyyy-MM-dd') >= ? and to_char(r.RR_TIME,'yyyy-MM-dd') <= ? and r.RR_TIME_END is not null order by r.RR_TIME desc ) TMP_PAGE) WHERE PAGEHELPER_ROW_ID <= ? AND PAGEHELPER_ROW_ID > ?
2020-11-23 08:58:25.754 [http-nio-8094-exec-3] DEBUG com.twkf.dao.VehicleRepairDao.findRepaired - ==> Parameters: 2020-10-01(String), 2020-11-23(String), 50(Long), 0(Long)
2020-11-23 08:58:25.878 [http-nio-8094-exec-3] DEBUG com.twkf.dao.VehicleRepairDao.findRepaired - <==      Total: 50
2020-11-23 08:59:45.724 [http-nio-8094-exec-6] DEBUG com.twkf.dao.CommonDao.login - ==>  Preparing: select * from tb_user_wx where user_name=? and user_pwd=?
2020-11-23 08:59:45.725 [http-nio-8094-exec-6] DEBUG com.twkf.dao.CommonDao.login - ==> Parameters: admin(String), admin(String)
2020-11-23 08:59:45.730 [http-nio-8094-exec-6] DEBUG com.twkf.dao.CommonDao.login - <==      Total: 1
2020-11-23 08:59:45.804 [http-nio-8094-exec-9] DEBUG c.twkf.dao.VehicleRepairDao.findToBeRepaired_COUNT - ==>  Preparing: SELECT count(0) FROM TB_REPAIR_RECORD r LEFT JOIN tb_user_wx u ON r.user_id = u.user_id LEFT JOIN TB_REPAIR_TYPE rt ON r.rt_id = rt.rt_id LEFT JOIN TB_REPAIR_MALFUNCTION rm ON r.rm_id = rm.rm_id LEFT JOIN TB_REPAIR_ADDR ra ON r.ra_id = ra.ra_id LEFT JOIN tb_user_wx uw ON r.RR_ASSESSOR = uw.USER_ID LEFT JOIN VW_VEHICLE_WX v ON r.vehi_no = v.vehi_no WHERE to_char(r.RR_TIME, 'yyyy-MM-dd') >= ? AND to_char(r.RR_TIME, 'yyyy-MM-dd') <= ? AND r.RR_TIME_END IS NULL AND r.TRANSFER_ORDER_STATUS != 0
2020-11-23 08:59:45.804 [http-nio-8094-exec-9] DEBUG c.twkf.dao.VehicleRepairDao.findToBeRepaired_COUNT - ==> Parameters: 2020-11-23(String), 2020-11-26(String)
2020-11-23 08:59:45.813 [http-nio-8094-exec-9] DEBUG c.twkf.dao.VehicleRepairDao.findToBeRepaired_COUNT - <==      Total: 1
2020-11-23 08:59:45.813 [http-nio-8094-exec-9] DEBUG com.twkf.dao.VehicleRepairDao.findToBeRepaired - ==>  Preparing: SELECT * FROM ( SELECT TMP_PAGE.*, ROWNUM PAGEHELPER_ROW_ID FROM ( select r.*,u.real_name,u.user_name user_name_wx,rt.rt_type,rm.rm_malfunction rm_malfunction2,ra.ra_addr,uw.real_name shry_name,v.sim_num,v.mt_name,v.owner_name,v.comp_name,v.mdt_sub_type from TB_REPAIR_RECORD r left join tb_user_wx u on r.user_id=u.user_id left join TB_REPAIR_TYPE rt on r.rt_id=rt.rt_id left join TB_REPAIR_MALFUNCTION rm on r.rm_id=rm.rm_id left join TB_REPAIR_ADDR ra on r.ra_id = ra.ra_id left join tb_user_wx uw on r.RR_ASSESSOR=uw.USER_ID left join VW_VEHICLE_WX v on r.vehi_no = v.vehi_no where to_char(r.RR_TIME,'yyyy-MM-dd') >= ? and to_char(r.RR_TIME,'yyyy-MM-dd') <= ? and r.RR_TIME_END is null and r.TRANSFER_ORDER_STATUS != 0 order by r.RR_TIME desc ) TMP_PAGE) WHERE PAGEHELPER_ROW_ID <= ? AND PAGEHELPER_ROW_ID > ?
2020-11-23 08:59:45.831 [http-nio-8094-exec-9] DEBUG com.twkf.dao.VehicleRepairDao.findToBeRepaired - ==> Parameters: 2020-11-23(String), 2020-11-26(String), 2(Long), 0(Long)
2020-11-23 08:59:45.840 [http-nio-8094-exec-9] DEBUG com.twkf.dao.VehicleRepairDao.findToBeRepaired - <==      Total: 1
2020-11-23 09:02:08.585 [http-nio-8094-exec-8] DEBUG com.twkf.dao.CommonDao.login - ==>  Preparing: select * from tb_user_wx where user_name=? and user_pwd=?
2020-11-23 09:02:08.586 [http-nio-8094-exec-8] DEBUG com.twkf.dao.CommonDao.login - ==> Parameters: admin(String), admin(String)
2020-11-23 09:02:08.590 [http-nio-8094-exec-8] DEBUG com.twkf.dao.CommonDao.login - <==      Total: 1
2020-11-23 09:02:08.662 [http-nio-8094-exec-10] DEBUG c.twkf.dao.VehicleRepairDao.findToBeRepaired_COUNT - ==>  Preparing: SELECT count(0) FROM TB_REPAIR_RECORD r LEFT JOIN tb_user_wx u ON r.user_id = u.user_id LEFT JOIN TB_REPAIR_TYPE rt ON r.rt_id = rt.rt_id LEFT JOIN TB_REPAIR_MALFUNCTION rm ON r.rm_id = rm.rm_id LEFT JOIN TB_REPAIR_ADDR ra ON r.ra_id = ra.ra_id LEFT JOIN tb_user_wx uw ON r.RR_ASSESSOR = uw.USER_ID LEFT JOIN VW_VEHICLE_WX v ON r.vehi_no = v.vehi_no WHERE to_char(r.RR_TIME, 'yyyy-MM-dd') >= ? AND to_char(r.RR_TIME, 'yyyy-MM-dd') <= ? AND r.RR_TIME_END IS NULL AND r.TRANSFER_ORDER_STATUS != 0
2020-11-23 09:02:08.662 [http-nio-8094-exec-10] DEBUG c.twkf.dao.VehicleRepairDao.findToBeRepaired_COUNT - ==> Parameters: 2020-11-23(String), 2020-11-26(String)
2020-11-23 09:02:08.674 [http-nio-8094-exec-10] DEBUG c.twkf.dao.VehicleRepairDao.findToBeRepaired_COUNT - <==      Total: 1
2020-11-23 09:02:08.674 [http-nio-8094-exec-10] DEBUG com.twkf.dao.VehicleRepairDao.findToBeRepaired - ==>  Preparing: SELECT * FROM ( SELECT TMP_PAGE.*, ROWNUM PAGEHELPER_ROW_ID FROM ( select r.*,u.real_name,u.user_name user_name_wx,rt.rt_type,rm.rm_malfunction rm_malfunction2,ra.ra_addr,uw.real_name shry_name,v.sim_num,v.mt_name,v.owner_name,v.comp_name,v.mdt_sub_type from TB_REPAIR_RECORD r left join tb_user_wx u on r.user_id=u.user_id left join TB_REPAIR_TYPE rt on r.rt_id=rt.rt_id left join TB_REPAIR_MALFUNCTION rm on r.rm_id=rm.rm_id left join TB_REPAIR_ADDR ra on r.ra_id = ra.ra_id left join tb_user_wx uw on r.RR_ASSESSOR=uw.USER_ID left join VW_VEHICLE_WX v on r.vehi_no = v.vehi_no where to_char(r.RR_TIME,'yyyy-MM-dd') >= ? and to_char(r.RR_TIME,'yyyy-MM-dd') <= ? and r.RR_TIME_END is null and r.TRANSFER_ORDER_STATUS != 0 order by r.RR_TIME desc ) TMP_PAGE) WHERE PAGEHELPER_ROW_ID <= ? AND PAGEHELPER_ROW_ID > ?
2020-11-23 09:02:08.675 [http-nio-8094-exec-10] DEBUG com.twkf.dao.VehicleRepairDao.findToBeRepaired - ==> Parameters: 2020-11-23(String), 2020-11-26(String), 2(Long), 0(Long)
2020-11-23 09:02:08.682 [http-nio-8094-exec-10] DEBUG com.twkf.dao.VehicleRepairDao.findToBeRepaired - <==      Total: 1
2020-11-23 09:06:07.552 [http-nio-8094-exec-2] DEBUG com.twkf.dao.CommonDao.login - ==>  Preparing: select * from tb_user_wx where user_name=? and user_pwd=?
2020-11-23 09:06:07.552 [http-nio-8094-exec-2] DEBUG com.twkf.dao.CommonDao.login - ==> Parameters: admin(String), admin(String)
2020-11-23 09:06:07.557 [http-nio-8094-exec-2] DEBUG com.twkf.dao.CommonDao.login - <==      Total: 1
2020-11-23 09:06:07.749 [http-nio-8094-exec-4] DEBUG c.twkf.dao.VehicleRepairDao.findToBeRepaired_COUNT - ==>  Preparing: SELECT count(0) FROM TB_REPAIR_RECORD r LEFT JOIN tb_user_wx u ON r.user_id = u.user_id LEFT JOIN TB_REPAIR_TYPE rt ON r.rt_id = rt.rt_id LEFT JOIN TB_REPAIR_MALFUNCTION rm ON r.rm_id = rm.rm_id LEFT JOIN TB_REPAIR_ADDR ra ON r.ra_id = ra.ra_id LEFT JOIN tb_user_wx uw ON r.RR_ASSESSOR = uw.USER_ID LEFT JOIN VW_VEHICLE_WX v ON r.vehi_no = v.vehi_no WHERE to_char(r.RR_TIME, 'yyyy-MM-dd') >= ? AND to_char(r.RR_TIME, 'yyyy-MM-dd') <= ? AND r.RR_TIME_END IS NULL AND r.TRANSFER_ORDER_STATUS != 0
2020-11-23 09:06:07.749 [http-nio-8094-exec-4] DEBUG c.twkf.dao.VehicleRepairDao.findToBeRepaired_COUNT - ==> Parameters: 2020-11-23(String), 2020-11-26(String)
2020-11-23 09:06:07.756 [http-nio-8094-exec-4] DEBUG c.twkf.dao.VehicleRepairDao.findToBeRepaired_COUNT - <==      Total: 1
2020-11-23 09:06:07.756 [http-nio-8094-exec-4] DEBUG com.twkf.dao.VehicleRepairDao.findToBeRepaired - ==>  Preparing: SELECT * FROM ( SELECT TMP_PAGE.*, ROWNUM PAGEHELPER_ROW_ID FROM ( select r.*,u.real_name,u.user_name user_name_wx,rt.rt_type,rm.rm_malfunction rm_malfunction2,ra.ra_addr,uw.real_name shry_name,v.sim_num,v.mt_name,v.owner_name,v.comp_name,v.mdt_sub_type from TB_REPAIR_RECORD r left join tb_user_wx u on r.user_id=u.user_id left join TB_REPAIR_TYPE rt on r.rt_id=rt.rt_id left join TB_REPAIR_MALFUNCTION rm on r.rm_id=rm.rm_id left join TB_REPAIR_ADDR ra on r.ra_id = ra.ra_id left join tb_user_wx uw on r.RR_ASSESSOR=uw.USER_ID left join VW_VEHICLE_WX v on r.vehi_no = v.vehi_no where to_char(r.RR_TIME,'yyyy-MM-dd') >= ? and to_char(r.RR_TIME,'yyyy-MM-dd') <= ? and r.RR_TIME_END is null and r.TRANSFER_ORDER_STATUS != 0 order by r.RR_TIME desc ) TMP_PAGE) WHERE PAGEHELPER_ROW_ID <= ? AND PAGEHELPER_ROW_ID > ?
2020-11-23 09:06:07.758 [http-nio-8094-exec-4] DEBUG com.twkf.dao.VehicleRepairDao.findToBeRepaired - ==> Parameters: 2020-11-23(String), 2020-11-26(String), 2(Long), 0(Long)
2020-11-23 09:06:07.767 [http-nio-8094-exec-4] DEBUG com.twkf.dao.VehicleRepairDao.findToBeRepaired - <==      Total: 1
2020-11-23 14:53:32.973 [http-nio-8094-exec-1] DEBUG com.twkf.dao.CommonDao.login - ==>  Preparing: select * from tb_user_wx where user_name=? and user_pwd=?
2020-11-23 14:53:33.084 [http-nio-8094-exec-1] DEBUG com.twkf.dao.CommonDao.login - ==> Parameters: admin(String), admin(String)
2020-11-23 14:53:33.173 [http-nio-8094-exec-1] DEBUG com.twkf.dao.CommonDao.login - <==      Total: 1
2020-11-23 14:53:33.805 [http-nio-8094-exec-2] DEBUG c.twkf.dao.VehicleRepairDao.findToBeRepaired_COUNT - ==>  Preparing: SELECT count(0) FROM TB_REPAIR_RECORD r LEFT JOIN tb_user_wx u ON r.user_id = u.user_id LEFT JOIN TB_REPAIR_TYPE rt ON r.rt_id = rt.rt_id LEFT JOIN TB_REPAIR_MALFUNCTION rm ON r.rm_id = rm.rm_id LEFT JOIN TB_REPAIR_ADDR ra ON r.ra_id = ra.ra_id LEFT JOIN tb_user_wx uw ON r.RR_ASSESSOR = uw.USER_ID LEFT JOIN VW_VEHICLE_WX v ON r.vehi_no = v.vehi_no WHERE to_char(r.RR_TIME, 'yyyy-MM-dd') >= ? AND to_char(r.RR_TIME, 'yyyy-MM-dd') <= ? AND r.RR_TIME_END IS NULL AND r.TRANSFER_ORDER_STATUS != 0
2020-11-23 14:53:33.806 [http-nio-8094-exec-2] DEBUG c.twkf.dao.VehicleRepairDao.findToBeRepaired_COUNT - ==> Parameters: 2020-11-23(String), 2020-11-26(String)
2020-11-23 14:53:33.835 [http-nio-8094-exec-2] DEBUG c.twkf.dao.VehicleRepairDao.findToBeRepaired_COUNT - <==      Total: 1
2020-11-23 14:53:33.839 [http-nio-8094-exec-2] DEBUG com.twkf.dao.VehicleRepairDao.findToBeRepaired - ==>  Preparing: SELECT * FROM ( SELECT TMP_PAGE.*, ROWNUM PAGEHELPER_ROW_ID FROM ( select r.*,u.real_name,u.user_name user_name_wx,rt.rt_type,rm.rm_malfunction rm_malfunction2,ra.ra_addr,uw.real_name shry_name,v.sim_num,v.mt_name,v.owner_name,v.comp_name,v.mdt_sub_type from TB_REPAIR_RECORD r left join tb_user_wx u on r.user_id=u.user_id left join TB_REPAIR_TYPE rt on r.rt_id=rt.rt_id left join TB_REPAIR_MALFUNCTION rm on r.rm_id=rm.rm_id left join TB_REPAIR_ADDR ra on r.ra_id = ra.ra_id left join tb_user_wx uw on r.RR_ASSESSOR=uw.USER_ID left join VW_VEHICLE_WX v on r.vehi_no = v.vehi_no where to_char(r.RR_TIME,'yyyy-MM-dd') >= ? and to_char(r.RR_TIME,'yyyy-MM-dd') <= ? and r.RR_TIME_END is null and r.TRANSFER_ORDER_STATUS != 0 order by r.RR_TIME desc ) TMP_PAGE) WHERE PAGEHELPER_ROW_ID <= ? AND PAGEHELPER_ROW_ID > ?
2020-11-23 14:53:33.886 [http-nio-8094-exec-2] DEBUG com.twkf.dao.VehicleRepairDao.findToBeRepaired - ==> Parameters: 2020-11-23(String), 2020-11-26(String), 2(Long), 0(Long)
2020-11-23 14:53:33.894 [http-nio-8094-exec-2] DEBUG com.twkf.dao.VehicleRepairDao.findToBeRepaired - <==      Total: 1
2020-11-23 15:00:23.903 [http-nio-8094-exec-3] DEBUG com.twkf.dao.CommonDao.findRepairType - ==>  Preparing: select distinct * from TB_REPAIR_TYPE
2020-11-23 15:00:23.906 [http-nio-8094-exec-3] DEBUG com.twkf.dao.CommonDao.findRepairType - ==> Parameters: 
2020-11-23 15:00:23.918 [http-nio-8094-exec-3] DEBUG com.twkf.dao.CommonDao.findRepairType - <==      Total: 2
2020-11-23 15:00:27.393 [http-nio-8094-exec-7] DEBUG com.twkf.dao.CommonDao.findRepairContent - ==>  Preparing: select distinct * from TB_REPAIR_CONTENT
2020-11-23 15:00:27.393 [http-nio-8094-exec-7] DEBUG com.twkf.dao.CommonDao.findRepairContent - ==> Parameters: 
2020-11-23 15:00:27.402 [http-nio-8094-exec-7] DEBUG com.twkf.dao.CommonDao.findRepairContent - <==      Total: 8
2020-11-23 15:00:30.200 [http-nio-8094-exec-6] DEBUG com.twkf.dao.CommonDao.findRepairMalfunction - ==>  Preparing: select distinct * from TB_REPAIR_MALFUNCTION
2020-11-23 15:00:30.201 [http-nio-8094-exec-6] DEBUG com.twkf.dao.CommonDao.findRepairMalfunction - ==> Parameters: 
2020-11-23 15:00:30.220 [http-nio-8094-exec-6] DEBUG com.twkf.dao.CommonDao.findRepairMalfunction - <==      Total: 10
2020-11-23 15:00:59.383 [http-nio-8094-exec-9] DEBUG com.twkf.dao.CommonDao.findRepairContent - ==>  Preparing: select distinct * from TB_REPAIR_CONTENT
2020-11-23 15:00:59.383 [http-nio-8094-exec-9] DEBUG com.twkf.dao.CommonDao.findRepairContent - ==> Parameters: 
2020-11-23 15:00:59.388 [http-nio-8094-exec-9] DEBUG com.twkf.dao.CommonDao.findRepairContent - <==      Total: 8
2020-11-23 15:25:18.885 [http-nio-8094-exec-10] DEBUG com.twkf.dao.CommonDao.findRepairMalfunction - ==>  Preparing: select distinct * from TB_REPAIR_MALFUNCTION
2020-11-23 15:25:18.887 [http-nio-8094-exec-10] DEBUG com.twkf.dao.CommonDao.findRepairMalfunction - ==> Parameters: 
2020-11-23 15:25:18.899 [http-nio-8094-exec-10] DEBUG com.twkf.dao.CommonDao.findRepairMalfunction - <==      Total: 10
2020-11-23 15:28:07.575 [http-nio-8094-exec-2] DEBUG com.twkf.dao.CommonDao.findRepairType - ==>  Preparing: select distinct * from TB_REPAIR_TYPE
2020-11-23 15:28:07.575 [http-nio-8094-exec-2] DEBUG com.twkf.dao.CommonDao.findRepairType - ==> Parameters: 
2020-11-23 15:28:07.583 [http-nio-8094-exec-2] DEBUG com.twkf.dao.CommonDao.findRepairType - <==      Total: 2
2020-11-23 15:32:07.490 [http-nio-8094-exec-3] DEBUG com.twkf.dao.CommonDao.login - ==>  Preparing: select * from tb_user_wx where user_name=? and user_pwd=?
2020-11-23 15:32:07.492 [http-nio-8094-exec-3] DEBUG com.twkf.dao.CommonDao.login - ==> Parameters: admin(String), admin(String)
2020-11-23 15:32:07.498 [http-nio-8094-exec-3] DEBUG com.twkf.dao.CommonDao.login - <==      Total: 1
2020-11-23 15:32:07.623 [http-nio-8094-exec-7] DEBUG c.twkf.dao.VehicleRepairDao.findToBeRepaired_COUNT - ==>  Preparing: SELECT count(0) FROM TB_REPAIR_RECORD r LEFT JOIN tb_user_wx u ON r.user_id = u.user_id LEFT JOIN TB_REPAIR_TYPE rt ON r.rt_id = rt.rt_id LEFT JOIN TB_REPAIR_MALFUNCTION rm ON r.rm_id = rm.rm_id LEFT JOIN TB_REPAIR_ADDR ra ON r.ra_id = ra.ra_id LEFT JOIN tb_user_wx uw ON r.RR_ASSESSOR = uw.USER_ID LEFT JOIN VW_VEHICLE_WX v ON r.vehi_no = v.vehi_no WHERE to_char(r.RR_TIME, 'yyyy-MM-dd') >= ? AND to_char(r.RR_TIME, 'yyyy-MM-dd') <= ? AND r.RR_TIME_END IS NULL AND r.TRANSFER_ORDER_STATUS != 0
2020-11-23 15:32:07.625 [http-nio-8094-exec-7] DEBUG c.twkf.dao.VehicleRepairDao.findToBeRepaired_COUNT - ==> Parameters: 2020-11-23(String), 2020-11-26(String)
2020-11-23 15:32:07.633 [http-nio-8094-exec-7] DEBUG c.twkf.dao.VehicleRepairDao.findToBeRepaired_COUNT - <==      Total: 1
2020-11-23 15:32:07.633 [http-nio-8094-exec-7] DEBUG com.twkf.dao.VehicleRepairDao.findToBeRepaired - ==>  Preparing: SELECT * FROM ( SELECT TMP_PAGE.*, ROWNUM PAGEHELPER_ROW_ID FROM ( select r.*,u.real_name,u.user_name user_name_wx,rt.rt_type,rm.rm_malfunction rm_malfunction2,ra.ra_addr,uw.real_name shry_name,v.sim_num,v.mt_name,v.owner_name,v.comp_name,v.mdt_sub_type from TB_REPAIR_RECORD r left join tb_user_wx u on r.user_id=u.user_id left join TB_REPAIR_TYPE rt on r.rt_id=rt.rt_id left join TB_REPAIR_MALFUNCTION rm on r.rm_id=rm.rm_id left join TB_REPAIR_ADDR ra on r.ra_id = ra.ra_id left join tb_user_wx uw on r.RR_ASSESSOR=uw.USER_ID left join VW_VEHICLE_WX v on r.vehi_no = v.vehi_no where to_char(r.RR_TIME,'yyyy-MM-dd') >= ? and to_char(r.RR_TIME,'yyyy-MM-dd') <= ? and r.RR_TIME_END is null and r.TRANSFER_ORDER_STATUS != 0 order by r.RR_TIME desc ) TMP_PAGE) WHERE PAGEHELPER_ROW_ID <= ? AND PAGEHELPER_ROW_ID > ?
2020-11-23 15:32:07.634 [http-nio-8094-exec-7] DEBUG com.twkf.dao.VehicleRepairDao.findToBeRepaired - ==> Parameters: 2020-11-23(String), 2020-11-26(String), 2(Long), 0(Long)
2020-11-23 15:32:07.641 [http-nio-8094-exec-7] DEBUG com.twkf.dao.VehicleRepairDao.findToBeRepaired - <==      Total: 1
2020-11-23 15:33:31.788 [http-nio-8094-exec-9] DEBUG c.twkf.dao.VehicleRepairDao.findToBeRepaired_COUNT - ==>  Preparing: SELECT count(0) FROM TB_REPAIR_RECORD r LEFT JOIN tb_user_wx u ON r.user_id = u.user_id LEFT JOIN TB_REPAIR_TYPE rt ON r.rt_id = rt.rt_id LEFT JOIN TB_REPAIR_MALFUNCTION rm ON r.rm_id = rm.rm_id LEFT JOIN TB_REPAIR_ADDR ra ON r.ra_id = ra.ra_id LEFT JOIN tb_user_wx uw ON r.RR_ASSESSOR = uw.USER_ID LEFT JOIN VW_VEHICLE_WX v ON r.vehi_no = v.vehi_no WHERE to_char(r.RR_TIME, 'yyyy-MM-dd') >= ? AND to_char(r.RR_TIME, 'yyyy-MM-dd') <= ? AND r.RR_TIME_END IS NULL AND r.TRANSFER_ORDER_STATUS != 0
2020-11-23 15:33:31.789 [http-nio-8094-exec-9] DEBUG c.twkf.dao.VehicleRepairDao.findToBeRepaired_COUNT - ==> Parameters: 2020-03-01(String), 2020-03-31(String)
2020-11-23 15:33:31.810 [http-nio-8094-exec-9] DEBUG c.twkf.dao.VehicleRepairDao.findToBeRepaired_COUNT - <==      Total: 1
2020-11-23 15:33:34.562 [http-nio-8094-exec-5] DEBUG com.twkf.dao.VehicleRepairDao.findRepaired_COUNT - ==>  Preparing: SELECT count(0) FROM TB_REPAIR_RECORD r LEFT JOIN tb_user_wx u ON r.user_id = u.user_id LEFT JOIN TB_REPAIR_TYPE rt ON r.rt_id = rt.rt_id LEFT JOIN TB_REPAIR_MALFUNCTION rm ON r.rm_id = rm.rm_id LEFT JOIN TB_REPAIR_ADDR ra ON r.ra_id = ra.ra_id LEFT JOIN tb_user_wx uw ON r.RR_ASSESSOR = uw.USER_ID LEFT JOIN VW_VEHICLE_WX v ON r.vehi_no = v.vehi_no WHERE to_char(r.RR_TIME, 'yyyy-MM-dd') >= ? AND to_char(r.RR_TIME, 'yyyy-MM-dd') <= ? AND r.RR_TIME_END IS NOT NULL
2020-11-23 15:33:34.562 [http-nio-8094-exec-5] DEBUG com.twkf.dao.VehicleRepairDao.findRepaired_COUNT - ==> Parameters: 2020-03-01(String), 2020-03-31(String)
2020-11-23 15:33:34.619 [http-nio-8094-exec-5] DEBUG com.twkf.dao.VehicleRepairDao.findRepaired_COUNT - <==      Total: 1
2020-11-23 15:33:34.619 [http-nio-8094-exec-5] DEBUG com.twkf.dao.VehicleRepairDao.findRepaired - ==>  Preparing: SELECT * FROM ( SELECT TMP_PAGE.*, ROWNUM PAGEHELPER_ROW_ID FROM ( select r.*,u.real_name,u.user_name user_name_wx,rt.rt_type,rm.rm_malfunction rm_malfunction2,ra.ra_addr,uw.real_name shry_name,v.sim_num,v.mt_name,v.owner_name,v.comp_name,v.mdt_sub_type from TB_REPAIR_RECORD r left join tb_user_wx u on r.user_id=u.user_id left join TB_REPAIR_TYPE rt on r.rt_id=rt.rt_id left join TB_REPAIR_MALFUNCTION rm on r.rm_id=rm.rm_id left join TB_REPAIR_ADDR ra on r.ra_id = ra.ra_id left join tb_user_wx uw on r.RR_ASSESSOR=uw.USER_ID left join VW_VEHICLE_WX v on r.vehi_no = v.vehi_no where to_char(r.RR_TIME,'yyyy-MM-dd') >= ? and to_char(r.RR_TIME,'yyyy-MM-dd') <= ? and r.RR_TIME_END is not null order by r.RR_TIME desc ) TMP_PAGE) WHERE PAGEHELPER_ROW_ID <= ? AND PAGEHELPER_ROW_ID > ?
2020-11-23 15:33:34.619 [http-nio-8094-exec-5] DEBUG com.twkf.dao.VehicleRepairDao.findRepaired - ==> Parameters: 2020-03-01(String), 2020-03-31(String), 2(Long), 0(Long)
2020-11-23 15:33:34.735 [http-nio-8094-exec-5] DEBUG com.twkf.dao.VehicleRepairDao.findRepaired - <==      Total: 2
