2020-12-08 09:42:03.682 [restartedMain] INFO  com.twkf.WxtApplication - Starting WxtApplication using Java 1.8.0_131 on fatherOfSun with PID 18420 (E:\ideaworkspace\wxt\target\classes started by 黄显乐 in E:\ideaworkspace\wxt)
2020-12-08 09:42:03.719 [restartedMain] INFO  com.twkf.WxtApplication - No active profile set, falling back to default profiles: default
2020-12-08 09:42:04.069 [restartedMain] INFO  o.s.boot.devtools.restart.ChangeableUrls - The Class-Path manifest attribute in E:\repo\com\oracle\database\jdbc\ojdbc8\19.7.0.0\ojdbc8-19.7.0.0.jar referenced one or more files that do not exist: file:/E:/repo/com/oracle/database/jdbc/ojdbc8/19.7.0.0/oraclepki.jar
2020-12-08 09:42:04.069 [restartedMain] INFO  o.s.b.d.env.DevToolsPropertyDefaultsPostProcessor - Devtools property defaults active! Set 'spring.devtools.add-properties' to 'false' to disable
2020-12-08 09:42:04.119 [restartedMain] INFO  o.s.b.d.env.DevToolsPropertyDefaultsPostProcessor - For additional web related logging consider setting the 'logging.level.web' property to 'DEBUG'
2020-12-08 09:42:09.445 [restartedMain] INFO  o.s.boot.web.embedded.tomcat.TomcatWebServer - Tomcat initialized with port(s): 8094 (http)
2020-12-08 09:42:09.461 [restartedMain] INFO  org.apache.coyote.http11.Http11NioProtocol - Initializing ProtocolHandler ["http-nio-8094"]
2020-12-08 09:42:09.462 [restartedMain] INFO  org.apache.catalina.core.StandardService - Starting service [Tomcat]
2020-12-08 09:42:09.462 [restartedMain] INFO  org.apache.catalina.core.StandardEngine - Starting Servlet engine: [Apache Tomcat/9.0.39]
2020-12-08 09:42:09.564 [restartedMain] INFO  o.a.c.c.ContainerBase.[Tomcat].[localhost].[/wxt] - Initializing Spring embedded WebApplicationContext
2020-12-08 09:42:09.564 [restartedMain] INFO  o.s.b.w.s.c.ServletWebServerApplicationContext - Root WebApplicationContext: initialization completed in 5444 ms
2020-12-08 09:42:13.530 [restartedMain] INFO  s.d.s.w.PropertySourcedRequestMappingHandlerMapping - Mapped URL path [/v2/api-docs] onto method [springfox.documentation.swagger2.web.Swagger2Controller#getDocumentation(String, HttpServletRequest)]
2020-12-08 09:42:13.741 [restartedMain] INFO  o.s.scheduling.concurrent.ThreadPoolTaskExecutor - Initializing ExecutorService 'applicationTaskExecutor'
2020-12-08 09:42:14.336 [restartedMain] INFO  org.apache.coyote.http11.Http11NioProtocol - Starting ProtocolHandler ["http-nio-8094"]
2020-12-08 09:42:14.361 [restartedMain] INFO  o.s.boot.web.embedded.tomcat.TomcatWebServer - Tomcat started on port(s): 8094 (http) with context path '/wxt'
2020-12-08 09:42:14.362 [restartedMain] INFO  s.d.s.web.plugins.DocumentationPluginsBootstrapper - Context refreshed
2020-12-08 09:42:14.383 [restartedMain] INFO  s.d.s.web.plugins.DocumentationPluginsBootstrapper - Found 1 custom documentation plugin(s)
2020-12-08 09:42:14.434 [restartedMain] INFO  s.d.spring.web.scanners.ApiListingReferenceScanner - Scanning for api listing references
2020-12-08 09:42:14.690 [restartedMain] INFO  com.twkf.WxtApplication - Started WxtApplication in 14.813 seconds (JVM running for 31.986)
2020-12-08 09:49:40.997 [http-nio-8094-exec-1] INFO  o.a.c.c.ContainerBase.[Tomcat].[localhost].[/wxt] - Initializing Spring DispatcherServlet 'dispatcherServlet'
2020-12-08 09:49:40.998 [http-nio-8094-exec-1] INFO  org.springframework.web.servlet.DispatcherServlet - Initializing Servlet 'dispatcherServlet'
2020-12-08 09:49:40.999 [http-nio-8094-exec-1] INFO  org.springframework.web.servlet.DispatcherServlet - Completed initialization in 1 ms
2020-12-08 09:49:41.216 [http-nio-8094-exec-1] INFO  com.zaxxer.hikari.HikariDataSource - DatebookHikariCP - Starting...
2020-12-08 09:49:42.690 [http-nio-8094-exec-1] INFO  com.zaxxer.hikari.HikariDataSource - DatebookHikariCP - Start completed.
2020-12-08 10:48:17.965 [Thread-5] INFO  o.s.scheduling.concurrent.ThreadPoolTaskExecutor - Shutting down ExecutorService 'applicationTaskExecutor'
2020-12-08 10:48:18.010 [Thread-5] INFO  com.zaxxer.hikari.HikariDataSource - DatebookHikariCP - Shutdown initiated...
2020-12-08 10:48:18.367 [Thread-5] INFO  com.zaxxer.hikari.HikariDataSource - DatebookHikariCP - Shutdown completed.
2020-12-08 10:48:22.640 [restartedMain] INFO  com.twkf.WxtApplication - Starting WxtApplication using Java 1.8.0_131 on fatherOfSun with PID 18420 (E:\ideaworkspace\wxt\target\classes started by 黄显乐 in E:\ideaworkspace\wxt)
2020-12-08 10:48:22.640 [restartedMain] INFO  com.twkf.WxtApplication - No active profile set, falling back to default profiles: default
2020-12-08 10:48:27.631 [restartedMain] INFO  o.s.boot.web.embedded.tomcat.TomcatWebServer - Tomcat initialized with port(s): 14012 (http)
2020-12-08 10:48:27.631 [restartedMain] INFO  org.apache.coyote.http11.Http11NioProtocol - Initializing ProtocolHandler ["http-nio-14012"]
2020-12-08 10:48:27.632 [restartedMain] INFO  org.apache.catalina.core.StandardService - Starting service [Tomcat]
2020-12-08 10:48:27.632 [restartedMain] INFO  org.apache.catalina.core.StandardEngine - Starting Servlet engine: [Apache Tomcat/9.0.39]
2020-12-08 10:48:28.091 [restartedMain] INFO  o.a.c.c.ContainerBase.[Tomcat].[localhost].[/wxt] - Initializing Spring embedded WebApplicationContext
2020-12-08 10:48:28.091 [restartedMain] INFO  o.s.b.w.s.c.ServletWebServerApplicationContext - Root WebApplicationContext: initialization completed in 5447 ms
2020-12-08 10:48:29.069 [restartedMain] INFO  s.d.s.w.PropertySourcedRequestMappingHandlerMapping - Mapped URL path [/v2/api-docs] onto method [springfox.documentation.swagger2.web.Swagger2Controller#getDocumentation(String, HttpServletRequest)]
2020-12-08 10:48:29.094 [restartedMain] INFO  o.s.scheduling.concurrent.ThreadPoolTaskExecutor - Initializing ExecutorService 'applicationTaskExecutor'
2020-12-08 10:48:29.200 [restartedMain] INFO  org.apache.coyote.http11.Http11NioProtocol - Starting ProtocolHandler ["http-nio-14012"]
2020-12-08 10:48:29.202 [restartedMain] INFO  o.s.boot.web.embedded.tomcat.TomcatWebServer - Tomcat started on port(s): 14012 (http) with context path '/wxt'
2020-12-08 10:48:29.202 [restartedMain] INFO  s.d.s.web.plugins.DocumentationPluginsBootstrapper - Context refreshed
2020-12-08 10:48:29.204 [restartedMain] INFO  s.d.s.web.plugins.DocumentationPluginsBootstrapper - Found 1 custom documentation plugin(s)
2020-12-08 10:48:29.207 [restartedMain] INFO  s.d.spring.web.scanners.ApiListingReferenceScanner - Scanning for api listing references
2020-12-08 10:48:29.253 [restartedMain] INFO  com.twkf.WxtApplication - Started WxtApplication in 6.94 seconds (JVM running for 4006.549)
2020-12-08 10:48:29.259 [restartedMain] INFO  o.s.b.d.a.ConditionEvaluationDeltaLoggingListener - Condition evaluation unchanged
2020-12-08 10:51:05.985 [SpringContextShutdownHook] INFO  o.s.scheduling.concurrent.ThreadPoolTaskExecutor - Shutting down ExecutorService 'applicationTaskExecutor'
